Error en ejecucion
	Type:System.Data.SqlClient.SqlException
	Message:El procedimiento o la función 'EJEMPLO' esperaba el parámetro '@Parametro2', que no se ha especificado.
	Source:.Net SqlClient Data Provider
	Traking id:35912612201948210348428954778057
	Server:SISTEMAS-166-3
	UserMessage: El procedimiento o la función 'EJEMPLO' esperaba el parámetro '@Parametro2', que no se ha especificado.
	UserMessageExtended: 
	Exception Data: 
		HelpLink.ProdName = Microsoft SQL Server
		HelpLink.ProdVer = 10.50.3720
		HelpLink.EvtSrc = MSSQLServer
		HelpLink.EvtID = 201
		HelpLink.BaseHelpUrl = http://go.microsoft.com/fwlink
		HelpLink.LinkId = 20476
	Stack track: 
   en System.Data.SqlClient.SqlConnection.OnError(SqlException exception, Boolean breakConnection, Action`1 wrapCloseInAction)
   en System.Data.SqlClient.SqlInternalConnection.OnError(SqlException exception, Boolean breakConnection, Action`1 wrapCloseInAction)
   en System.Data.SqlClient.TdsParser.ThrowExceptionAndWarning(TdsParserStateObject stateObj, Boolean callerHasConnectionLock, Boolean asyncClose)
   en System.Data.SqlClient.TdsParser.TryRun(RunBehavior runBehavior, SqlCommand cmdHandler, SqlDataReader dataStream, BulkCopySimpleResultSet bulkCopyHandler, TdsParserStateObject stateObj, Boolean& dataReady)
   en System.Data.SqlClient.SqlDataReader.TryConsumeMetaData()
   en System.Data.SqlClient.SqlDataReader.get_MetaData()
   en System.Data.SqlClient.SqlCommand.FinishExecuteReader(SqlDataReader ds, RunBehavior runBehavior, String resetOptionsString, Boolean isInternal, Boolean forDescribeParameterEncryption, Boolean shouldCacheForAlwaysEncrypted)
   en System.Data.SqlClient.SqlCommand.RunExecuteReaderTds(CommandBehavior cmdBehavior, RunBehavior runBehavior, Boolean returnStream, Boolean async, Int32 timeout, Task& task, Boolean asyncWrite, Boolean inRetry, SqlDataReader ds, Boolean describeParameterEncryptionRequest)
   en System.Data.SqlClient.SqlCommand.RunExecuteReader(CommandBehavior cmdBehavior, RunBehavior runBehavior, Boolean returnStream, String method, TaskCompletionSource`1 completion, Int32 timeout, Task& task, Boolean& usedCache, Boolean asyncWrite, Boolean inRetry)
   en System.Data.SqlClient.SqlCommand.RunExecuteReader(CommandBehavior cmdBehavior, RunBehavior runBehavior, Boolean returnStream, String method)
   en System.Data.SqlClient.SqlCommand.ExecuteReader(CommandBehavior behavior, String method)
   en System.Data.SqlClient.SqlCommand.ExecuteDbDataReader(CommandBehavior behavior)
   en System.Data.Common.DbCommand.System.Data.IDbCommand.ExecuteReader(CommandBehavior behavior)
   en System.Data.Common.DbDataAdapter.FillInternal(DataSet dataset, DataTable[] datatables, Int32 startRecord, Int32 maxRecords, String srcTable, IDbCommand command, CommandBehavior behavior)
   en System.Data.Common.DbDataAdapter.Fill(DataSet dataSet, Int32 startRecord, Int32 maxRecords, String srcTable, IDbCommand command, CommandBehavior behavior)
   en System.Data.Common.DbDataAdapter.Fill(DataSet dataSet)
   en Stoca.DataAccess.Connection.GetDataSet(IDbCommand command)
   en Test.Program.Main(String[] args) en C:\Users\dmontilla\Documents\Core de STOCA\Test\Program.cs:línea 36

IDbCommand Info EJEMPLO; - [2] Parameters
		Parametro1 = david
		Parametro1 = 
